<?xml version="1.0" encoding="UTF-8"?>
<!-- Generated by org.testng.reporters.JUnitXMLReporter -->
<testsuite ignored="3" hostname="DESKTOP-C98NHF2" failures="0" tests="1" name="GRP-Functional" time="0.048" errors="0" timestamp="2023-12-31T21:44:35 IST">
  <testcase classname="ui.Testng4" name="test4" time="0.006"/>
  <testcase classname="ui.Testng4" name="test2" time="0.0">
    <ignored/>
  </testcase> <!-- test2 -->
  <testcase classname="ui.Testng4" name="test1" time="0.0">
    <ignored/>
  </testcase> <!-- test1 -->
  <testcase classname="ui.Testng4" name="test3" time="0.0">
    <ignored/>
  </testcase> <!-- test3 -->
</testsuite> <!-- GRP-Functional -->
