<?xml version="1.0" encoding="UTF-8"?>
<!-- Generated by org.testng.reporters.JUnitXMLReporter -->
<testsuite ignored="0" hostname="DESKTOP-C98NHF2" failures="0" tests="8" name="GRP-all" time="0.152" errors="0" timestamp="2023-12-31T23:30:57 IST">
  <testcase classname="ui.Testng4" name="test1" time="0.016"/>
  <testcase classname="ui.Testng4" name="test2" time="0.002"/>
  <testcase classname="ui.Testng4" name="test3" time="0.003"/>
  <testcase classname="ui.Testng4" name="test4" time="0.002"/>
  <testcase classname="ui.Testng6" name="test1" time="0.002"/>
  <testcase classname="ui.Testng6" name="test2" time="0.001"/>
  <testcase classname="ui.Testng6" name="test4" time="0.002"/>
  <testcase classname="ui.Testng6" name="test3" time="0.002"/>
</testsuite> <!-- GRP-all -->
