<?xml version="1.0" encoding="UTF-8"?>
<!-- Generated by org.testng.reporters.JUnitXMLReporter -->
<testsuite ignored="2" hostname="DESKTOP-C98NHF2" failures="0" tests="6" name="GRP-Regression" time="0.119" errors="0" timestamp="2023-12-31T23:30:10 IST">
  <testcase classname="ui.Testng4" name="test1" time="0.014"/>
  <testcase classname="ui.Testng4" name="test2" time="0.002"/>
  <testcase classname="ui.Testng4" name="test4" time="0.002"/>
  <testcase classname="ui.Testng6" name="test1" time="0.002"/>
  <testcase classname="ui.Testng6" name="test2" time="0.002"/>
  <testcase classname="ui.Testng6" name="test4" time="0.002"/>
  <testcase classname="ui.Testng6" name="test3" time="0.0">
    <ignored/>
  </testcase> <!-- test3 -->
  <testcase classname="ui.Testng4" name="test3" time="0.0">
    <ignored/>
  </testcase> <!-- test3 -->
</testsuite> <!-- GRP-Regression -->
