<?xml version="1.0" encoding="UTF-8"?>
<!-- Generated by org.testng.reporters.JUnitXMLReporter -->
<testsuite ignored="2" hostname="DESKTOP-C98NHF2" failures="0" tests="2" name="GRP-Sanity" time="0.056" errors="0" timestamp="2023-12-31T21:44:11 IST">
  <testcase classname="ui.Testng4" name="test2" time="0.008"/>
  <testcase classname="ui.Testng4" name="test3" time="0.001"/>
  <testcase classname="ui.Testng4" name="test1" time="0.0">
    <ignored/>
  </testcase> <!-- test1 -->
  <testcase classname="ui.Testng4" name="test4" time="0.0">
    <ignored/>
  </testcase> <!-- test4 -->
</testsuite> <!-- GRP-Sanity -->
