<?xml version="1.0" encoding="UTF-8"?>
<!-- Generated by org.testng.reporters.JUnitXMLReporter -->
<testsuite ignored="0" hostname="DESKTOP-C98NHF2" failures="0" tests="4" name="Default test" time="0.133" errors="0" timestamp="2023-12-31T23:39:09 IST">
  <testcase classname="ui.Testng6" name="test1" time="0.01"/>
  <testcase classname="ui.Testng6" name="test2" time="0.002"/>
  <testcase classname="ui.Testng6" name="test4" time="0.002"/>
  <testcase classname="ui.Testng6" name="test3" time="0.003"/>
</testsuite> <!-- Default test -->
