<?xml version="1.0" encoding="UTF-8"?>
<!-- Generated by org.testng.reporters.JUnitXMLReporter -->
<testsuite ignored="0" hostname="DESKTOP-C98NHF2" failures="0" tests="14" name="Test" time="13.871" errors="0" timestamp="2023-12-31T23:56:51 IST">
  <testcase classname="ui.Testng3" name="textverify" time="13.688"/>
  <testcase classname="ui.Testng4" name="test1" time="0.002"/>
  <testcase classname="ui.Testng4" name="test2" time="0.002"/>
  <testcase classname="ui.Testng4" name="test3" time="0.001"/>
  <testcase classname="ui.Testng4" name="test4" time="0.003"/>
  <testcase classname="ui.Testng2" name="blogintest" time="0.002"/>
  <testcase classname="ui.Testng2" name="alogintest" time="0.002"/>
  <testcase classname="ui.Testng5" name="skiptest1" time="0.001"/>
  <testcase classname="ui.Testng5" name="skiptest2" time="0.002">
    <skipped/>
  </testcase> <!-- skiptest2 -->
  <testcase classname="ui.Testng5" name="skiptest3" time="0.004"/>
  <testcase classname="ui.Testng6" name="test1" time="0.002"/>
  <testcase classname="ui.Testng6" name="test2" time="0.002"/>
  <testcase classname="ui.Testng6" name="test4" time="0.001"/>
  <testcase classname="ui.Testng6" name="test3" time="0.001"/>
</testsuite> <!-- Test -->
